d:\cpp\hazel\hazel\vendor\box2d\bin\debug-windows-x86_64\box2d\box2d.pdb
d:\cpp\hazel\hazel\vendor\box2d\bin\debug-windows-x86_64\box2d\box2d.idb
d:\cpp\hazel\hazel\vendor\box2d\bin-int\debug-windows-x86_64\box2d\wheel_joint.obj
d:\cpp\hazel\hazel\vendor\box2d\bin-int\debug-windows-x86_64\box2d\prismatic_joint.obj
d:\cpp\hazel\hazel\vendor\box2d\bin-int\debug-windows-x86_64\box2d\hull.obj
d:\cpp\hazel\hazel\vendor\box2d\bin-int\debug-windows-x86_64\box2d\math_functions.obj
d:\cpp\hazel\hazel\vendor\box2d\bin-int\debug-windows-x86_64\box2d\manifold.obj
d:\cpp\hazel\hazel\vendor\box2d\bin-int\debug-windows-x86_64\box2d\joint.obj
d:\cpp\hazel\hazel\vendor\box2d\bin-int\debug-windows-x86_64\box2d\island.obj
d:\cpp\hazel\hazel\vendor\box2d\bin-int\debug-windows-x86_64\box2d\id_pool.obj
d:\cpp\hazel\hazel\vendor\box2d\bin-int\debug-windows-x86_64\box2d\geometry.obj
d:\cpp\hazel\hazel\vendor\box2d\bin-int\debug-windows-x86_64\box2d\dynamic_tree.obj
d:\cpp\hazel\hazel\vendor\box2d\bin-int\debug-windows-x86_64\box2d\distance_joint.obj
d:\cpp\hazel\hazel\vendor\box2d\bin-int\debug-windows-x86_64\box2d\distance.obj
d:\cpp\hazel\hazel\vendor\box2d\bin-int\debug-windows-x86_64\box2d\core.obj
d:\cpp\hazel\hazel\vendor\box2d\bin-int\debug-windows-x86_64\box2d\contact_solver.obj
d:\cpp\hazel\hazel\vendor\box2d\bin-int\debug-windows-x86_64\box2d\contact.obj
d:\cpp\hazel\hazel\vendor\box2d\bin-int\debug-windows-x86_64\box2d\constraint_graph.obj
d:\cpp\hazel\hazel\vendor\box2d\bin-int\debug-windows-x86_64\box2d\broad_phase.obj
d:\cpp\hazel\hazel\vendor\box2d\bin-int\debug-windows-x86_64\box2d\body.obj
d:\cpp\hazel\hazel\vendor\box2d\bin-int\debug-windows-x86_64\box2d\bitset.obj
d:\cpp\hazel\hazel\vendor\box2d\bin-int\debug-windows-x86_64\box2d\array.obj
d:\cpp\hazel\hazel\vendor\box2d\bin-int\debug-windows-x86_64\box2d\arena_allocator.obj
d:\cpp\hazel\hazel\vendor\box2d\bin-int\debug-windows-x86_64\box2d\aabb.obj
d:\cpp\hazel\hazel\vendor\box2d\bin-int\debug-windows-x86_64\box2d\weld_joint.obj
d:\cpp\hazel\hazel\vendor\box2d\bin-int\debug-windows-x86_64\box2d\types.obj
d:\cpp\hazel\hazel\vendor\box2d\bin-int\debug-windows-x86_64\box2d\timer.obj
d:\cpp\hazel\hazel\vendor\box2d\bin-int\debug-windows-x86_64\box2d\table.obj
d:\cpp\hazel\hazel\vendor\box2d\bin-int\debug-windows-x86_64\box2d\solver_set.obj
d:\cpp\hazel\hazel\vendor\box2d\bin-int\debug-windows-x86_64\box2d\solver.obj
d:\cpp\hazel\hazel\vendor\box2d\bin-int\debug-windows-x86_64\box2d\shape.obj
d:\cpp\hazel\hazel\vendor\box2d\bin-int\debug-windows-x86_64\box2d\sensor.obj
d:\cpp\hazel\hazel\vendor\box2d\bin-int\debug-windows-x86_64\box2d\revolute_joint.obj
d:\cpp\hazel\hazel\vendor\box2d\bin-int\debug-windows-x86_64\box2d\physics_world.obj
d:\cpp\hazel\hazel\vendor\box2d\bin-int\debug-windows-x86_64\box2d\mover.obj
d:\cpp\hazel\hazel\vendor\box2d\bin-int\debug-windows-x86_64\box2d\mouse_joint.obj
d:\cpp\hazel\hazel\vendor\box2d\bin-int\debug-windows-x86_64\box2d\motor_joint.obj
d:\cpp\hazel\hazel\vendor\box2d\bin\debug-windows-x86_64\box2d\box2d.lib
d:\cpp\hazel\hazel\vendor\box2d\bin-int\debug-windows-x86_64\box2d\box2d.vcxproj.filelistabsolute.txt
d:\cpp\hazel\hazel\vendor\box2d\bin-int\debug-windows-x86_64\box2d\box2d.tlog\cl.command.1.tlog
d:\cpp\hazel\hazel\vendor\box2d\bin-int\debug-windows-x86_64\box2d\box2d.tlog\cl.items.tlog
d:\cpp\hazel\hazel\vendor\box2d\bin-int\debug-windows-x86_64\box2d\box2d.tlog\cl.read.1.tlog
d:\cpp\hazel\hazel\vendor\box2d\bin-int\debug-windows-x86_64\box2d\box2d.tlog\cl.write.1.tlog
d:\cpp\hazel\hazel\vendor\box2d\bin-int\debug-windows-x86_64\box2d\box2d.tlog\lib-link.read.1.tlog
d:\cpp\hazel\hazel\vendor\box2d\bin-int\debug-windows-x86_64\box2d\box2d.tlog\lib-link.write.1.tlog
d:\cpp\hazel\hazel\vendor\box2d\bin-int\debug-windows-x86_64\box2d\box2d.tlog\lib.command.1.tlog
