  aabb.c
  arena_allocator.c
  array.c
  bitset.c
  body.c
  broad_phase.c
  constraint_graph.c
  contact.c
  contact_solver.c
  core.c
  distance.c
  distance_joint.c
  dynamic_tree.c
  geometry.c
  hull.c
  id_pool.c
  island.c
  joint.c
  manifold.c
  math_functions.c
  正在生成代码...
  正在编译...
  motor_joint.c
  mouse_joint.c
  mover.c
  physics_world.c
  prismatic_joint.c
  revolute_joint.c
  sensor.c
  shape.c
  solver.c
  solver_set.c
  table.c
  timer.c
  types.c
  weld_joint.c
  wheel_joint.c
  正在生成代码...
  Box2D.vcxproj -> D:\CPP\Hazel\Hazel\vendor\Box2D\bin\Debug-windows-x86_64\Box2D\Box2D.lib
